<?xml version="1.0" encoding="UTF-8"?>
<!-- Generated by org.testng.reporters.JUnitXMLReporter -->
<testsuite hostname="DESKTOP-T5IUNN8" ignored="0" name="Test" tests="1" failures="1" timestamp="2020-03-05T19:20:29 IST" time="19.687" errors="0">
  <testcase name="CreatOrganazation" time="8.694" classname="vtigerdemo.testscript.CreatOrganazation">
    <failure type="java.lang.IllegalStateException" message="Cannot get a STRING value from a NUMERIC cell">
      <![CDATA[java.lang.IllegalStateException: Cannot get a STRING value from a NUMERIC cell
at org.apache.poi.xssf.usermodel.XSSFCell.typeMismatch(XSSFCell.java:1035)
at org.apache.poi.xssf.usermodel.XSSFCell.getRichStringCellValue(XSSFCell.java:390)
at org.apache.poi.xssf.usermodel.XSSFCell.getStringCellValue(XSSFCell.java:342)
at genericLib.CommonFileHandlingMthods.getValueFromExcelFile(CommonFileHandlingMthods.java:30)
at vtigerdemo.testscript.CreatOrganazation.CreatOrganazation(CreatOrganazation.java:28)
at java.util.ArrayList.forEach(ArrayList.java:1257)
... Removed 27 stack frames]]>
    </failure>
  </testcase> <!-- CreatOrganazation -->
</testsuite> <!-- Test -->
