<?xml version="1.0" encoding="UTF-8"?>
<testng-results skipped="0" failed="1" ignored="0" total="1" passed="0">
  <reporter-output>
    <line>
      <![CDATA[Chrome Browser launch]]>
    </line>
  </reporter-output>
  <suite name="Suite" duration-ms="19687" started-at="2020-03-05T19:20:09 IST" finished-at="2020-03-05T19:20:29 IST">
    <groups>
    </groups>
    <test name="Test" duration-ms="19687" started-at="2020-03-05T19:20:09 IST" finished-at="2020-03-05T19:20:29 IST">
      <class name="vtigerdemo.testscript.CreatOrganazation">
        <test-method status="PASS" signature="connectDB()[pri:0, instance:vtigerdemo.testscript.CreatOrganazation@6321e813]" name="connectDB" is-config="true" duration-ms="16" started-at="2020-03-05T19:20:09 IST" finished-at="2020-03-05T19:20:09 IST">
          <reporter-output>
          </reporter-output>
        </test-method> <!-- connectDB -->
        <test-method status="PASS" signature="launchBrowser(java.lang.String)[pri:0, instance:vtigerdemo.testscript.CreatOrganazation@6321e813]" name="launchBrowser" is-config="true" duration-ms="5487" started-at="2020-03-05T19:20:09 IST" finished-at="2020-03-05T19:20:15 IST">
          <params>
            <param index="0">
              <value>
                <![CDATA[chrome]]>
              </value>
            </param>
          </params>
          <reporter-output>
            <line>
              <![CDATA[Chrome Browser launch]]>
            </line>
          </reporter-output>
        </test-method> <!-- launchBrowser -->
        <test-method status="PASS" signature="loginToVtiger()[pri:0, instance:vtigerdemo.testscript.CreatOrganazation@6321e813]" name="loginToVtiger" is-config="true" duration-ms="3621" started-at="2020-03-05T19:20:15 IST" finished-at="2020-03-05T19:20:18 IST">
          <reporter-output>
          </reporter-output>
        </test-method> <!-- loginToVtiger -->
        <test-method status="FAIL" signature="CreatOrganazation()[pri:0, instance:vtigerdemo.testscript.CreatOrganazation@6321e813]" name="CreatOrganazation" duration-ms="8694" started-at="2020-03-05T19:20:18 IST" finished-at="2020-03-05T19:20:27 IST">
          <exception class="java.lang.IllegalStateException">
            <message>
              <![CDATA[Cannot get a STRING value from a NUMERIC cell]]>
            </message>
            <full-stacktrace>
              <![CDATA[java.lang.IllegalStateException: Cannot get a STRING value from a NUMERIC cell
at org.apache.poi.xssf.usermodel.XSSFCell.typeMismatch(XSSFCell.java:1035)
at org.apache.poi.xssf.usermodel.XSSFCell.getRichStringCellValue(XSSFCell.java:390)
at org.apache.poi.xssf.usermodel.XSSFCell.getStringCellValue(XSSFCell.java:342)
at genericLib.CommonFileHandlingMthods.getValueFromExcelFile(CommonFileHandlingMthods.java:30)
at vtigerdemo.testscript.CreatOrganazation.CreatOrganazation(CreatOrganazation.java:28)
at sun.reflect.NativeMethodAccessorImpl.invoke0(Native Method)
at sun.reflect.NativeMethodAccessorImpl.invoke(NativeMethodAccessorImpl.java:62)
at sun.reflect.DelegatingMethodAccessorImpl.invoke(DelegatingMethodAccessorImpl.java:43)
at java.lang.reflect.Method.invoke(Method.java:498)
at org.testng.internal.MethodInvocationHelper.invokeMethod(MethodInvocationHelper.java:133)
at org.testng.internal.TestInvoker.invokeMethod(TestInvoker.java:584)
at org.testng.internal.TestInvoker.invokeTestMethod(TestInvoker.java:172)
at org.testng.internal.MethodRunner.runInSequence(MethodRunner.java:46)
at org.testng.internal.TestInvoker$MethodInvocationAgent.invoke(TestInvoker.java:804)
at org.testng.internal.TestInvoker.invokeTestMethods(TestInvoker.java:145)
at org.testng.internal.TestMethodWorker.invokeTestMethods(TestMethodWorker.java:146)
at org.testng.internal.TestMethodWorker.run(TestMethodWorker.java:128)
at java.util.ArrayList.forEach(ArrayList.java:1257)
at org.testng.TestRunner.privateRun(TestRunner.java:770)
at org.testng.TestRunner.run(TestRunner.java:591)
at org.testng.SuiteRunner.runTest(SuiteRunner.java:402)
at org.testng.SuiteRunner.runSequentially(SuiteRunner.java:396)
at org.testng.SuiteRunner.privateRun(SuiteRunner.java:355)
at org.testng.SuiteRunner.run(SuiteRunner.java:304)
at org.testng.SuiteRunnerWorker.runSuite(SuiteRunnerWorker.java:53)
at org.testng.SuiteRunnerWorker.run(SuiteRunnerWorker.java:96)
at org.testng.TestNG.runSuitesSequentially(TestNG.java:1180)
at org.testng.TestNG.runSuitesLocally(TestNG.java:1102)
at org.testng.TestNG.runSuites(TestNG.java:1032)
at org.testng.TestNG.run(TestNG.java:1000)
at org.testng.remote.AbstractRemoteTestNG.run(AbstractRemoteTestNG.java:115)
at org.testng.remote.RemoteTestNG.initAndRun(RemoteTestNG.java:251)
at org.testng.remote.RemoteTestNG.main(RemoteTestNG.java:77)
]]>
            </full-stacktrace>
          </exception> <!-- java.lang.IllegalStateException -->
          <reporter-output>
          </reporter-output>
        </test-method> <!-- CreatOrganazation -->
        <test-method status="PASS" signature="logoutToVtiger()[pri:0, instance:vtigerdemo.testscript.CreatOrganazation@6321e813]" name="logoutToVtiger" is-config="true" duration-ms="1319" started-at="2020-03-05T19:20:27 IST" finished-at="2020-03-05T19:20:29 IST">
          <reporter-output>
          </reporter-output>
        </test-method> <!-- logoutToVtiger -->
        <test-method status="PASS" signature="closeBrowser()[pri:0, instance:vtigerdemo.testscript.CreatOrganazation@6321e813]" name="closeBrowser" is-config="true" duration-ms="119" started-at="2020-03-05T19:20:29 IST" finished-at="2020-03-05T19:20:29 IST">
          <reporter-output>
          </reporter-output>
        </test-method> <!-- closeBrowser -->
        <test-method status="PASS" signature="DisconnectDB()[pri:0, instance:vtigerdemo.testscript.CreatOrganazation@6321e813]" name="DisconnectDB" is-config="true" duration-ms="0" started-at="2020-03-05T19:20:29 IST" finished-at="2020-03-05T19:20:29 IST">
          <reporter-output>
          </reporter-output>
        </test-method> <!-- DisconnectDB -->
      </class> <!-- vtigerdemo.testscript.CreatOrganazation -->
    </test> <!-- Test -->
  </suite> <!-- Suite -->
</testng-results>
